# JRE version: OpenJDK Runtime Environment (8.0_152-b01) (build 1.8.0_152-release-915-b01)
# Java VM: OpenJDK 64-Bit Server VM (25.152-b01 mixed mode windows-amd64 compressed oops)
Heap:
 PSYoungGen      total 296448K, used 864K [0x00000000eab00000, 0x00000000ffe80000, 0x0000000100000000)
  eden space 244224K, 0% used [0x00000000eab00000,0x00000000eab00000,0x00000000f9980000)
  from space 52224K, 1% used [0x00000000f9980000,0x00000000f9a58000,0x00000000fcc80000)
  to   space 51200K, 0% used [0x00000000fcc80000,0x00000000fcc80000,0x00000000ffe80000)
 ParOldGen       total 183296K, used 110682K [0x00000000c0000000, 0x00000000cb300000, 0x00000000eab00000)
  object space 183296K, 60% used [0x00000000c0000000,0x00000000c6c16ac0,0x00000000cb300000)
 Metaspace       used 91514K, capacity 98136K, committed 98304K, reserved 1134592K
  class space    used 11443K, capacity 12932K, committed 13056K, reserved 1048576K
GC Heap History (10 events):
Event: 1341.917 GC heap after
Heap after GC invocations=32 (full 3):
 PSYoungGen      total 299520K, used 12672K [0x00000000eab00000, 0x00000000ffe80000, 0x0000000100000000)
  eden space 254464K, 0% used [0x00000000eab00000,0x00000000eab00000,0x00000000fa380000)
  from space 45056K, 28% used [0x00000000fa380000,0x00000000fafe0298,0x00000000fcf80000)
  to   space 43520K, 0% used [0x00000000fd400000,0x00000000fd400000,0x00000000ffe80000)
 ParOldGen       total 183296K, used 101521K [0x00000000c0000000, 0x00000000cb300000, 0x00000000eab00000)
  object space 183296K, 55% used [0x00000000c0000000,0x00000000c6324550,0x00000000cb300000)
 Metaspace       used 90975K, capacity 97572K, committed 97664K, reserved 1134592K
  class space    used 11402K, capacity 12882K, committed 12928K, reserved 1048576K
}
Event: 1343.591 GC heap before
{Heap before GC invocations=33 (full 3):
 PSYoungGen      total 299520K, used 267136K [0x00000000eab00000, 0x00000000ffe80000, 0x0000000100000000)
  eden space 254464K, 100% used [0x00000000eab00000,0x00000000fa380000,0x00000000fa380000)
  from space 45056K, 28% used [0x00000000fa380000,0x00000000fafe0298,0x00000000fcf80000)
  to   space 43520K, 0% used [0x00000000fd400000,0x00000000fd400000,0x00000000ffe80000)
 ParOldGen       total 183296K, used 101521K [0x00000000c0000000, 0x00000000cb300000, 0x00000000eab00000)
  object space 183296K, 55% used [0x00000000c0000000,0x00000000c6324550,0x00000000cb300000)
 Metaspace       used 91019K, capacity 97664K, committed 97920K, reserved 1134592K
  class space    used 11404K, capacity 12886K, committed 12928K, reserved 1048576K
Event: 1343.669 GC heap after
Heap after GC invocations=33 (full 3):
 PSYoungGen      total 287232K, used 43500K [0x00000000eab00000, 0x0000000100000000, 0x0000000100000000)
  eden space 243712K, 0% used [0x00000000eab00000,0x00000000eab00000,0x00000000f9900000)
  from space 43520K, 99% used [0x00000000fd400000,0x00000000ffe7b320,0x00000000ffe80000)
  to   space 52736K, 0% used [0x00000000f9900000,0x00000000f9900000,0x00000000fcc80000)
 ParOldGen       total 183296K, used 107786K [0x00000000c0000000, 0x00000000cb300000, 0x00000000eab00000)
  object space 183296K, 58% used [0x00000000c0000000,0x00000000c6942a60,0x00000000cb300000)
 Metaspace       used 91019K, capacity 97664K, committed 97920K, reserved 1134592K
  class space    used 11404K, capacity 12886K, committed 12928K, reserved 1048576K
}
Event: 1346.516 GC heap before
{Heap before GC invocations=34 (full 3):
 PSYoungGen      total 287232K, used 287212K [0x00000000eab00000, 0x0000000100000000, 0x0000000100000000)
  eden space 243712K, 100% used [0x00000000eab00000,0x00000000f9900000,0x00000000f9900000)
  from space 43520K, 99% used [0x00000000fd400000,0x00000000ffe7b320,0x00000000ffe80000)
  to   space 52736K, 0% used [0x00000000f9900000,0x00000000f9900000,0x00000000fcc80000)
 ParOldGen       total 183296K, used 107786K [0x00000000c0000000, 0x00000000cb300000, 0x00000000eab00000)
  object space 183296K, 58% used [0x00000000c0000000,0x00000000c6942a60,0x00000000cb300000)
 Metaspace       used 91457K, capacity 98112K, committed 98176K, reserved 1134592K
  class space    used 11435K, capacity 12924K, committed 12928K, reserved 1048576K
Event: 1346.536 GC heap after
Heap after GC invocations=34 (full 3):
 PSYoungGen      total 296448K, used 5063K [0x00000000eab00000, 0x0000000100000000, 0x0000000100000000)
  eden space 243712K, 0% used [0x00000000eab00000,0x00000000eab00000,0x00000000f9900000)
  from space 52736K, 9% used [0x00000000f9900000,0x00000000f9df1db8,0x00000000fcc80000)
  to   space 52224K, 0% used [0x00000000fcd00000,0x00000000fcd00000,0x0000000100000000)
 ParOldGen       total 183296K, used 110122K [0x00000000c0000000, 0x00000000cb300000, 0x00000000eab00000)
  object space 183296K, 60% used [0x00000000c0000000,0x00000000c6b8aa70,0x00000000cb300000)
 Metaspace       used 91457K, capacity 98112K, committed 98176K, reserved 1134592K
  class space    used 11435K, capacity 12924K, committed 12928K, reserved 1048576K
}
Event: 1346.683 GC heap before
{Heap before GC invocations=35 (full 3):
 PSYoungGen      total 296448K, used 248030K [0x00000000eab00000, 0x0000000100000000, 0x0000000100000000)
  eden space 243712K, 99% used [0x00000000eab00000,0x00000000f9845b98,0x00000000f9900000)
  from space 52736K, 9% used [0x00000000f9900000,0x00000000f9df1db8,0x00000000fcc80000)
  to   space 52224K, 0% used [0x00000000fcd00000,0x00000000fcd00000,0x0000000100000000)
 ParOldGen       total 183296K, used 110122K [0x00000000c0000000, 0x00000000cb300000, 0x00000000eab00000)
  object space 183296K, 60% used [0x00000000c0000000,0x00000000c6b8aa70,0x00000000cb300000)
 Metaspace       used 91474K, capacity 98112K, committed 98176K, reserved 1134592K
  class space    used 11435K, capacity 12924K, committed 12928K, reserved 1048576K
Event: 1346.734 GC heap after
Heap after GC invocations=35 (full 3):
 PSYoungGen      total 295936K, used 1709K [0x00000000eab00000, 0x00000000fff80000, 0x0000000100000000)
  eden space 244224K, 0% used [0x00000000eab00000,0x00000000eab00000,0x00000000f9980000)
  from space 51712K, 3% used [0x00000000fcd00000,0x00000000fceab768,0x00000000fff80000)
  to   space 52224K, 0% used [0x00000000f9980000,0x00000000f9980000,0x00000000fcc80000)
 ParOldGen       total 183296K, used 110634K [0x00000000c0000000, 0x00000000cb300000, 0x00000000eab00000)
  object space 183296K, 60% used [0x00000000c0000000,0x00000000c6c0aaa0,0x00000000cb300000)
 Metaspace       used 91474K, capacity 98112K, committed 98176K, reserved 1134592K
  class space    used 11435K, capacity 12924K, committed 12928K, reserved 1048576K
}
Event: 1626.375 GC heap before
{Heap before GC invocations=36 (full 3):
 PSYoungGen      total 295936K, used 145739K [0x00000000eab00000, 0x00000000fff80000, 0x0000000100000000)
  eden space 244224K, 58% used [0x00000000eab00000,0x00000000f37a7780,0x00000000f9980000)
  from space 51712K, 3% used [0x00000000fcd00000,0x00000000fceab768,0x00000000fff80000)
  to   space 52224K, 0% used [0x00000000f9980000,0x00000000f9980000,0x00000000fcc80000)
 ParOldGen       total 183296K, used 110634K [0x00000000c0000000, 0x00000000cb300000, 0x00000000eab00000)
  object space 183296K, 60% used [0x00000000c0000000,0x00000000c6c0aaa0,0x00000000cb300000)
 Metaspace       used 91514K, capacity 98136K, committed 98304K, reserved 1134592K
  class space    used 11443K, capacity 12932K, committed 13056K, reserved 1048576K
Event: 1626.381 GC heap after
Heap after GC invocations=36 (full 3):
 PSYoungGen      total 296448K, used 864K [0x00000000eab00000, 0x00000000ffe80000, 0x0000000100000000)
  eden space 244224K, 0% used [0x00000000eab00000,0x00000000eab00000,0x00000000f9980000)
  from space 52224K, 1% used [0x00000000f9980000,0x00000000f9a58000,0x00000000fcc80000)
  to   space 51200K, 0% used [0x00000000fcc80000,0x00000000fcc80000,0x00000000ffe80000)
 ParOldGen       total 183296K, used 110682K [0x00000000c0000000, 0x00000000cb300000, 0x00000000eab00000)
  object space 183296K, 60% used [0x00000000c0000000,0x00000000c6c16ac0,0x00000000cb300000)
 Metaspace       used 91514K, capacity 98136K, committed 98304K, reserved 1134592K
  class space    used 11443K, capacity 12932K, committed 13056K, reserved 1048576K
}
Event: 1626.381 GC heap before
{Heap before GC invocations=37 (full 4):
 PSYoungGen      total 296448K, used 864K [0x00000000eab00000, 0x00000000ffe80000, 0x0000000100000000)
  eden space 244224K, 0% used [0x00000000eab00000,0x00000000eab00000,0x00000000f9980000)
  from space 52224K, 1% used [0x00000000f9980000,0x00000000f9a58000,0x00000000fcc80000)
  to   space 51200K, 0% used [0x00000000fcc80000,0x00000000fcc80000,0x00000000ffe80000)
 ParOldGen       total 183296K, used 110682K [0x00000000c0000000, 0x00000000cb300000, 0x00000000eab00000)
  object space 183296K, 60% used [0x00000000c0000000,0x00000000c6c16ac0,0x00000000cb300000)
 Metaspace       used 91514K, capacity 98136K, committed 98304K, reserved 1134592K
  class space    used 11443K, capacity 12932K, committed 13056K, reserved 1048576K

