# JRE version: OpenJDK Runtime Environment (8.0_152-b01) (build 1.8.0_152-release-915-b01)
# Java VM: OpenJDK 64-Bit Server VM (25.152-b01 mixed mode windows-amd64 compressed oops)
Heap:
 PSYoungGen      total 315392K, used 240758K [0x00000000eab00000, 0x0000000100000000, 0x0000000100000000)
  eden space 295936K, 74% used [0x00000000eab00000,0x00000000f832dac8,0x00000000fcc00000)
  from space 19456K, 99% used [0x00000000fcc00000,0x00000000fdef0060,0x00000000fdf00000)
  to   space 27648K, 0% used [0x00000000fe500000,0x00000000fe500000,0x0000000100000000)
 ParOldGen       total 186880K, used 61690K [0x00000000c0000000, 0x00000000cb680000, 0x00000000eab00000)
  object space 186880K, 33% used [0x00000000c0000000,0x00000000c3c3e880,0x00000000cb680000)
 Metaspace       used 93321K, capacity 101348K, committed 101504K, reserved 1136640K
  class space    used 11652K, capacity 13419K, committed 13440K, reserved 1048576K
GC Heap History (10 events):
Event: 3621.577 GC heap before
{Heap before GC invocations=39 (full 4):
 PSYoungGen      total 280064K, used 8992K [0x00000000eab00000, 0x00000000fe000000, 0x0000000100000000)
  eden space 256000K, 0% used [0x00000000eab00000,0x00000000eab00000,0x00000000fa500000)
  from space 24064K, 37% used [0x00000000fa500000,0x00000000fadc8370,0x00000000fbc80000)
  to   space 22528K, 0% used [0x00000000fca00000,0x00000000fca00000,0x00000000fe000000)
 ParOldGen       total 155136K, used 97375K [0x00000000c0000000, 0x00000000c9780000, 0x00000000eab00000)
  object space 155136K, 62% used [0x00000000c0000000,0x00000000c5f17d90,0x00000000c9780000)
 Metaspace       used 91766K, capacity 98304K, committed 98348K, reserved 1134592K
  class space    used 11451K, capacity 12916K, committed 12928K, reserved 1048576K
Event: 3622.075 GC heap after
Heap after GC invocations=39 (full 4):
 PSYoungGen      total 280064K, used 0K [0x00000000eab00000, 0x00000000fe000000, 0x0000000100000000)
  eden space 256000K, 0% used [0x00000000eab00000,0x00000000eab00000,0x00000000fa500000)
  from space 24064K, 0% used [0x00000000fa500000,0x00000000fa500000,0x00000000fbc80000)
  to   space 22528K, 0% used [0x00000000fca00000,0x00000000fca00000,0x00000000fe000000)
 ParOldGen       total 186880K, used 57297K [0x00000000c0000000, 0x00000000cb680000, 0x00000000eab00000)
  object space 186880K, 30% used [0x00000000c0000000,0x00000000c37f46c8,0x00000000cb680000)
 Metaspace       used 90074K, capacity 95680K, committed 98348K, reserved 1134592K
  class space    used 11076K, capacity 12324K, committed 12928K, reserved 1048576K
}
Event: 3623.687 GC heap before
{Heap before GC invocations=40 (full 4):
 PSYoungGen      total 280064K, used 255680K [0x00000000eab00000, 0x00000000fe000000, 0x0000000100000000)
  eden space 256000K, 99% used [0x00000000eab00000,0x00000000fa4b0340,0x00000000fa500000)
  from space 24064K, 0% used [0x00000000fa500000,0x00000000fa500000,0x00000000fbc80000)
  to   space 22528K, 0% used [0x00000000fca00000,0x00000000fca00000,0x00000000fe000000)
 ParOldGen       total 186880K, used 57297K [0x00000000c0000000, 0x00000000cb680000, 0x00000000eab00000)
  object space 186880K, 30% used [0x00000000c0000000,0x00000000c37f46c8,0x00000000cb680000)
 Metaspace       used 90122K, capacity 95790K, committed 98348K, reserved 1134592K
  class space    used 11080K, capacity 12331K, committed 12928K, reserved 1048576K
Event: 3623.698 GC heap after
Heap after GC invocations=40 (full 4):
 PSYoungGen      total 294400K, used 3266K [0x00000000eab00000, 0x00000000fef00000, 0x0000000100000000)
  eden space 271872K, 0% used [0x00000000eab00000,0x00000000eab00000,0x00000000fb480000)
  from space 22528K, 14% used [0x00000000fca00000,0x00000000fcd30ae8,0x00000000fe000000)
  to   space 22016K, 0% used [0x00000000fb480000,0x00000000fb480000,0x00000000fca00000)
 ParOldGen       total 186880K, used 57305K [0x00000000c0000000, 0x00000000cb680000, 0x00000000eab00000)
  object space 186880K, 30% used [0x00000000c0000000,0x00000000c37f66c8,0x00000000cb680000)
 Metaspace       used 90122K, capacity 95790K, committed 98348K, reserved 1134592K
  class space    used 11080K, capacity 12331K, committed 12928K, reserved 1048576K
}
Event: 4381.665 GC heap before
{Heap before GC invocations=41 (full 4):
 PSYoungGen      total 294400K, used 275138K [0x00000000eab00000, 0x00000000fef00000, 0x0000000100000000)
  eden space 271872K, 100% used [0x00000000eab00000,0x00000000fb480000,0x00000000fb480000)
  from space 22528K, 14% used [0x00000000fca00000,0x00000000fcd30ae8,0x00000000fe000000)
  to   space 22016K, 0% used [0x00000000fb480000,0x00000000fb480000,0x00000000fca00000)
 ParOldGen       total 186880K, used 57305K [0x00000000c0000000, 0x00000000cb680000, 0x00000000eab00000)
  object space 186880K, 30% used [0x00000000c0000000,0x00000000c37f66c8,0x00000000cb680000)
 Metaspace       used 90942K, capacity 96980K, committed 98988K, reserved 1134592K
  class space    used 11223K, capacity 12594K, committed 13056K, reserved 1048576K
Event: 4381.689 GC heap after
Heap after GC invocations=41 (full 4):
 PSYoungGen      total 293888K, used 7356K [0x00000000eab00000, 0x00000000ffa00000, 0x0000000100000000)
  eden space 271872K, 0% used [0x00000000eab00000,0x00000000eab00000,0x00000000fb480000)
  from space 22016K, 33% used [0x00000000fb480000,0x00000000fbbaf110,0x00000000fca00000)
  to   space 20992K, 0% used [0x00000000fe580000,0x00000000fe580000,0x00000000ffa00000)
 ParOldGen       total 186880K, used 57305K [0x00000000c0000000, 0x00000000cb680000, 0x00000000eab00000)
  object space 186880K, 30% used [0x00000000c0000000,0x00000000c37f66c8,0x00000000cb680000)
 Metaspace       used 90942K, capacity 96980K, committed 98988K, reserved 1134592K
  class space    used 11223K, capacity 12594K, committed 13056K, reserved 1048576K
}
Event: 4392.787 GC heap before
{Heap before GC invocations=42 (full 4):
 PSYoungGen      total 293888K, used 279228K [0x00000000eab00000, 0x00000000ffa00000, 0x0000000100000000)
  eden space 271872K, 100% used [0x00000000eab00000,0x00000000fb480000,0x00000000fb480000)
  from space 22016K, 33% used [0x00000000fb480000,0x00000000fbbaf110,0x00000000fca00000)
  to   space 20992K, 0% used [0x00000000fe580000,0x00000000fe580000,0x00000000ffa00000)
 ParOldGen       total 186880K, used 57305K [0x00000000c0000000, 0x00000000cb680000, 0x00000000eab00000)
  object space 186880K, 30% used [0x00000000c0000000,0x00000000c37f66c8,0x00000000cb680000)
 Metaspace       used 92139K, capacity 98850K, committed 99456K, reserved 1136640K
  class space    used 11458K, capacity 12998K, committed 13184K, reserved 1048576K
Event: 4392.869 GC heap after
Heap after GC invocations=42 (full 4):
 PSYoungGen      total 316928K, used 20981K [0x00000000eab00000, 0x0000000100000000, 0x0000000100000000)
  eden space 295936K, 0% used [0x00000000eab00000,0x00000000eab00000,0x00000000fcc00000)
  from space 20992K, 99% used [0x00000000fe580000,0x00000000ff9fd6f0,0x00000000ffa00000)
  to   space 26112K, 0% used [0x00000000fcc00000,0x00000000fcc00000,0x00000000fe580000)
 ParOldGen       total 186880K, used 61682K [0x00000000c0000000, 0x00000000cb680000, 0x00000000eab00000)
  object space 186880K, 33% used [0x00000000c0000000,0x00000000c3c3c880,0x00000000cb680000)
 Metaspace       used 92139K, capacity 98850K, committed 99456K, reserved 1136640K
  class space    used 11458K, capacity 12998K, committed 13184K, reserved 1048576K
}
Event: 4502.896 GC heap before
{Heap before GC invocations=43 (full 4):
 PSYoungGen      total 316928K, used 316917K [0x00000000eab00000, 0x0000000100000000, 0x0000000100000000)
  eden space 295936K, 100% used [0x00000000eab00000,0x00000000fcc00000,0x00000000fcc00000)
  from space 20992K, 99% used [0x00000000fe580000,0x00000000ff9fd6f0,0x00000000ffa00000)
  to   space 26112K, 0% used [0x00000000fcc00000,0x00000000fcc00000,0x00000000fe580000)
 ParOldGen       total 186880K, used 61682K [0x00000000c0000000, 0x00000000cb680000, 0x00000000eab00000)
  object space 186880K, 33% used [0x00000000c0000000,0x00000000c3c3c880,0x00000000cb680000)
 Metaspace       used 92663K, capacity 100160K, committed 100352K, reserved 1136640K
  class space    used 11567K, capacity 13231K, committed 13312K, reserved 1048576K
Event: 4502.978 GC heap after
Heap after GC invocations=43 (full 4):
 PSYoungGen      total 315392K, used 19392K [0x00000000eab00000, 0x0000000100000000, 0x0000000100000000)
  eden space 295936K, 0% used [0x00000000eab00000,0x00000000eab00000,0x00000000fcc00000)
  from space 19456K, 99% used [0x00000000fcc00000,0x00000000fdef0060,0x00000000fdf00000)
  to   space 27648K, 0% used [0x00000000fe500000,0x00000000fe500000,0x0000000100000000)
 ParOldGen       total 186880K, used 61690K [0x00000000c0000000, 0x00000000cb680000, 0x00000000eab00000)
  object space 186880K, 33% used [0x00000000c0000000,0x00000000c3c3e880,0x00000000cb680000)
 Metaspace       used 92663K, capacity 100160K, committed 100352K, reserved 1136640K
  class space    used 11567K, capacity 13231K, committed 13312K, reserved 1048576K
}

